{"contracts/BUSD.sol":{"l":{"8":3},"path":"/Users/dimitrymd/Documents/prj/x11repo/contracts/BUSD.sol","s":{"1":3},"b":{},"f":{"1":3},"fnMap":{"1":{"name":"constructor","line":7,"loc":{"start":{"line":7,"column":50},"end":{"line":7,"column":3}}}},"statementMap":{"1":{"start":{"line":8,"column":4},"end":{"line":8,"column":38}}},"branchMap":{}},"contracts/Fund.sol":{"l":{"92":3,"93":3,"94":3,"95":3,"96":3,"97":3,"111":2,"112":2,"121":2,"131":4,"132":4,"133":4,"134":2,"144":2,"145":2,"146":2,"147":2,"148":2,"149":2,"159":3,"160":3,"161":1,"162":1,"164":1,"174":1,"175":1,"176":1,"177":1,"187":6,"188":6,"189":4,"191":4,"201":4,"203":2,"204":2,"206":2,"207":2,"209":2,"210":2,"211":2,"213":2,"214":2,"215":2,"217":2,"219":2,"228":1,"229":1,"230":1,"232":1,"233":1,"235":1,"244":1,"245":1,"246":1,"247":1,"249":1,"251":1,"252":1,"254":1,"256":1,"262":2,"266":2,"270":1,"316":1,"318":1,"320":1,"329":3,"330":3,"334":3,"335":3,"336":3,"338":3,"339":3,"341":3,"342":3,"344":3,"354":1,"356":1,"357":2,"358":1,"359":1,"360":1,"361":1,"366":1,"372":1,"376":1,"380":2,"385":4,"386":4,"387":3,"390":1,"404":2,"408":1,"412":1,"420":4,"424":6,"428":1,"429":1,"433":11},"path":"/Users/dimitrymd/Documents/prj/x11repo/contracts/Fund.sol","s":{"1":3,"2":3,"3":3,"4":3,"5":3,"6":3,"7":2,"8":2,"9":2,"10":4,"11":4,"12":4,"13":2,"14":2,"15":2,"16":2,"17":2,"18":2,"19":3,"20":3,"21":1,"22":1,"23":1,"24":1,"25":1,"26":1,"27":1,"28":6,"29":6,"30":4,"31":4,"32":4,"33":2,"34":2,"35":2,"36":2,"37":2,"38":2,"39":2,"40":2,"41":2,"42":2,"43":2,"44":1,"45":1,"46":1,"47":1,"48":1,"49":1,"50":1,"51":1,"52":1,"53":1,"54":1,"55":1,"56":1,"57":1,"58":1,"59":2,"60":2,"61":1,"62":1,"63":1,"64":1,"65":3,"66":3,"67":3,"68":3,"69":3,"70":3,"71":3,"72":3,"73":3,"74":3,"75":1,"76":1,"77":2,"78":1,"79":1,"80":1,"81":1,"82":1,"83":1,"84":1,"85":2,"86":4,"87":4,"88":3,"89":1,"90":2,"91":1,"92":1,"93":4,"94":6,"95":1,"96":1,"97":11},"b":{"1":[4,0],"2":[4,0],"3":[2,2],"4":[3,0],"5":[1,2],"6":[1,0],"7":[1,0],"8":[6,0],"9":[4,2],"10":[4,0],"11":[1,0],"12":[1,0],"13":[1,0],"14":[3,0],"15":[1,0],"16":[1,1],"17":[3,1]},"f":{"1":3,"2":2,"3":2,"4":4,"5":2,"6":3,"7":1,"8":6,"9":4,"10":1,"11":1,"12":2,"13":2,"14":1,"15":1,"16":3,"17":3,"18":1,"19":1,"20":1,"21":2,"22":4,"23":2,"24":1,"25":1,"26":4,"27":6,"28":1,"29":11},"fnMap":{"1":{"name":"constructor","line":91,"loc":{"start":{"line":91,"column":2},"end":{"line":91,"column":66}}},"2":{"name":"addPool","line":110,"loc":{"start":{"line":110,"column":173},"end":{"line":110,"column":3}}},"3":{"name":"getPoolInfo","line":120,"loc":{"start":{"line":120,"column":2},"end":{"line":120,"column":65}}},"4":{"name":"addStakeHolderInPool","line":130,"loc":{"start":{"line":130,"column":2},"end":{"line":130,"column":91}}},"5":{"name":"_addStakeHolderInPool","line":143,"loc":{"start":{"line":143,"column":2},"end":{"line":143,"column":94}}},"6":{"name":"claimInitStakeFromPool","line":158,"loc":{"start":{"line":158,"column":2},"end":{"line":158,"column":90}}},"7":{"name":"_claimInitStakeFromPool","line":173,"loc":{"start":{"line":173,"column":2},"end":{"line":173,"column":93}}},"8":{"name":"addBUSDStakeInPool","line":186,"loc":{"start":{"line":186,"column":2},"end":{"line":186,"column":92}}},"9":{"name":"_addBUSDStakeInPool","line":200,"loc":{"start":{"line":200,"column":2},"end":{"line":200,"column":95}}},"10":{"name":"updateReward","line":227,"loc":{"start":{"line":227,"column":2},"end":{"line":227,"column":50}}},"11":{"name":"withdrawBUSDRewardWithToken","line":243,"loc":{"start":{"line":243,"column":75},"end":{"line":243,"column":3}}},"12":{"name":"setAdminWallet","line":261,"loc":{"start":{"line":261,"column":58},"end":{"line":261,"column":3}}},"13":{"name":"setFeeWallet","line":265,"loc":{"start":{"line":265,"column":56},"end":{"line":265,"column":3}}},"14":{"name":"setFundWallet","line":269,"loc":{"start":{"line":269,"column":57},"end":{"line":269,"column":3}}},"15":{"name":"emergencyWithdrawRewardsToAdmin","line":315,"loc":{"start":{"line":315,"column":60},"end":{"line":315,"column":3}}},"16":{"name":"fundPool","line":328,"loc":{"start":{"line":328,"column":74},"end":{"line":328,"column":3}}},"17":{"name":"_fundPool","line":333,"loc":{"start":{"line":333,"column":2},"end":{"line":333,"column":68}}},"18":{"name":"closePool","line":353,"loc":{"start":{"line":353,"column":108},"end":{"line":353,"column":3}}},"19":{"name":"getTotalPools","line":371,"loc":{"start":{"line":371,"column":2},"end":{"line":371,"column":56}}},"20":{"name":"getTotalInitStakes","line":375,"loc":{"start":{"line":375,"column":2},"end":{"line":375,"column":61}}},"21":{"name":"getTotalBUSDStakes","line":379,"loc":{"start":{"line":379,"column":2},"end":{"line":379,"column":61}}},"22":{"name":"isHolderInPool","line":384,"loc":{"start":{"line":384,"column":2},"end":{"line":384,"column":87}}},"23":{"name":"getTotalStakedInPool","line":403,"loc":{"start":{"line":403,"column":2},"end":{"line":403,"column":78}}},"24":{"name":"getStakersInThePool","line":407,"loc":{"start":{"line":407,"column":2},"end":{"line":407,"column":77}}},"25":{"name":"getTotalInvestment","line":411,"loc":{"start":{"line":411,"column":2},"end":{"line":411,"column":61}}},"26":{"name":"GetAllowance","line":419,"loc":{"start":{"line":419,"column":2},"end":{"line":419,"column":54}}},"27":{"name":"GetUserBUSDBalance","line":423,"loc":{"start":{"line":423,"column":2},"end":{"line":423,"column":60}}},"28":{"name":"ApproveBUSD","line":427,"loc":{"start":{"line":427,"column":2},"end":{"line":427,"column":65}}},"29":{"name":"GetBUSDAllowance","line":432,"loc":{"start":{"line":432,"column":2},"end":{"line":432,"column":58}}}},"statementMap":{"1":{"start":{"line":92,"column":4},"end":{"line":92,"column":25}},"2":{"start":{"line":93,"column":4},"end":{"line":93,"column":23}},"3":{"start":{"line":94,"column":4},"end":{"line":94,"column":21}},"4":{"start":{"line":95,"column":4},"end":{"line":95,"column":59}},"5":{"start":{"line":96,"column":4},"end":{"line":96,"column":61}},"6":{"start":{"line":97,"column":4},"end":{"line":97,"column":58}},"7":{"start":{"line":111,"column":4},"end":{"line":111,"column":36}},"8":{"start":{"line":112,"column":4},"end":{"line":112,"column":103}},"9":{"start":{"line":121,"column":4},"end":{"line":121,"column":20}},"10":{"start":{"line":131,"column":4},"end":{"line":131,"column":88}},"11":{"start":{"line":132,"column":4},"end":{"line":132,"column":89}},"12":{"start":{"line":133,"column":4},"end":{"line":133,"column":87}},"13":{"start":{"line":134,"column":4},"end":{"line":134,"column":55}},"14":{"start":{"line":144,"column":4},"end":{"line":144,"column":89}},"15":{"start":{"line":146,"column":4},"end":{"line":146,"column":37}},"16":{"start":{"line":147,"column":4},"end":{"line":147,"column":62}},"17":{"start":{"line":148,"column":4},"end":{"line":148,"column":103}},"18":{"start":{"line":149,"column":4},"end":{"line":149,"column":15}},"19":{"start":{"line":159,"column":4},"end":{"line":159,"column":54}},"20":{"start":{"line":160,"column":4},"end":{"line":160,"column":129}},"21":{"start":{"line":161,"column":4},"end":{"line":161,"column":70}},"22":{"start":{"line":162,"column":4},"end":{"line":162,"column":71}},"23":{"start":{"line":164,"column":4},"end":{"line":164,"column":54}},"24":{"start":{"line":174,"column":4},"end":{"line":174,"column":111}},"25":{"start":{"line":175,"column":4},"end":{"line":175,"column":116}},"26":{"start":{"line":176,"column":4},"end":{"line":176,"column":112}},"27":{"start":{"line":177,"column":4},"end":{"line":177,"column":15}},"28":{"start":{"line":187,"column":4},"end":{"line":187,"column":92}},"29":{"start":{"line":188,"column":4},"end":{"line":188,"column":89}},"30":{"start":{"line":189,"column":4},"end":{"line":189,"column":58}},"31":{"start":{"line":191,"column":4},"end":{"line":191,"column":53}},"32":{"start":{"line":201,"column":4},"end":{"line":201,"column":61}},"33":{"start":{"line":203,"column":4},"end":{"line":203,"column":40}},"34":{"start":{"line":204,"column":4},"end":{"line":204,"column":44}},"35":{"start":{"line":206,"column":4},"end":{"line":206,"column":36}},"36":{"start":{"line":207,"column":4},"end":{"line":207,"column":42}},"37":{"start":{"line":209,"column":4},"end":{"line":209,"column":69}},"38":{"start":{"line":210,"column":4},"end":{"line":210,"column":78}},"39":{"start":{"line":211,"column":4},"end":{"line":211,"column":60}},"40":{"start":{"line":214,"column":4},"end":{"line":214,"column":42}},"41":{"start":{"line":215,"column":4},"end":{"line":215,"column":34}},"42":{"start":{"line":217,"column":4},"end":{"line":217,"column":107}},"43":{"start":{"line":219,"column":4},"end":{"line":219,"column":18}},"44":{"start":{"line":228,"column":4},"end":{"line":228,"column":45}},"45":{"start":{"line":229,"column":4},"end":{"line":229,"column":62}},"46":{"start":{"line":230,"column":4},"end":{"line":230,"column":52}},"47":{"start":{"line":232,"column":4},"end":{"line":232,"column":70}},"48":{"start":{"line":233,"column":4},"end":{"line":233,"column":53}},"49":{"start":{"line":235,"column":4},"end":{"line":235,"column":40}},"50":{"start":{"line":244,"column":4},"end":{"line":244,"column":25}},"51":{"start":{"line":245,"column":4},"end":{"line":245,"column":45}},"52":{"start":{"line":246,"column":4},"end":{"line":246,"column":37}},"53":{"start":{"line":247,"column":4},"end":{"line":247,"column":48}},"54":{"start":{"line":249,"column":4},"end":{"line":249,"column":52}},"55":{"start":{"line":251,"column":4},"end":{"line":251,"column":66}},"56":{"start":{"line":252,"column":4},"end":{"line":252,"column":42}},"57":{"start":{"line":254,"column":4},"end":{"line":254,"column":45}},"58":{"start":{"line":256,"column":4},"end":{"line":256,"column":72}},"59":{"start":{"line":262,"column":4},"end":{"line":262,"column":24}},"60":{"start":{"line":266,"column":4},"end":{"line":266,"column":26}},"61":{"start":{"line":270,"column":4},"end":{"line":270,"column":23}},"62":{"start":{"line":316,"column":4},"end":{"line":316,"column":45}},"63":{"start":{"line":318,"column":4},"end":{"line":318,"column":59}},"64":{"start":{"line":320,"column":4},"end":{"line":320,"column":44}},"65":{"start":{"line":329,"column":4},"end":{"line":329,"column":92}},"66":{"start":{"line":330,"column":4},"end":{"line":330,"column":35}},"67":{"start":{"line":334,"column":4},"end":{"line":334,"column":42}},"68":{"start":{"line":335,"column":4},"end":{"line":335,"column":42}},"69":{"start":{"line":336,"column":4},"end":{"line":336,"column":52}},"70":{"start":{"line":338,"column":4},"end":{"line":338,"column":39}},"71":{"start":{"line":339,"column":4},"end":{"line":339,"column":61}},"72":{"start":{"line":341,"column":4},"end":{"line":341,"column":37}},"73":{"start":{"line":342,"column":4},"end":{"line":342,"column":34}},"74":{"start":{"line":344,"column":4},"end":{"line":344,"column":41}},"75":{"start":{"line":354,"column":4},"end":{"line":354,"column":68}},"76":{"start":{"line":356,"column":4},"end":{"line":356,"column":12613}},"77":{"start":{"line":357,"column":6},"end":{"line":357,"column":12671}},"78":{"start":{"line":358,"column":8},"end":{"line":358,"column":71}},"79":{"start":{"line":359,"column":8},"end":{"line":359,"column":76}},"80":{"start":{"line":360,"column":8},"end":{"line":360,"column":55}},"81":{"start":{"line":361,"column":8},"end":{"line":361,"column":39}},"82":{"start":{"line":366,"column":4},"end":{"line":366,"column":34}},"83":{"start":{"line":372,"column":4},"end":{"line":372,"column":23}},"84":{"start":{"line":376,"column":4},"end":{"line":376,"column":26}},"85":{"start":{"line":380,"column":4},"end":{"line":380,"column":28}},"86":{"start":{"line":385,"column":4},"end":{"line":385,"column":13528}},"87":{"start":{"line":386,"column":6},"end":{"line":386,"column":13595}},"88":{"start":{"line":387,"column":8},"end":{"line":387,"column":21}},"89":{"start":{"line":390,"column":4},"end":{"line":390,"column":13}},"90":{"start":{"line":404,"column":4},"end":{"line":404,"column":35}},"91":{"start":{"line":408,"column":4},"end":{"line":408,"column":36}},"92":{"start":{"line":412,"column":4},"end":{"line":412,"column":27}},"93":{"start":{"line":420,"column":4},"end":{"line":420,"column":53}},"94":{"start":{"line":424,"column":4},"end":{"line":424,"column":37}},"95":{"start":{"line":428,"column":4},"end":{"line":428,"column":44}},"96":{"start":{"line":429,"column":4},"end":{"line":429,"column":15}},"97":{"start":{"line":433,"column":4},"end":{"line":433,"column":52}}},"branchMap":{"1":{"line":131,"type":"if","locations":[{"start":{"line":131,"column":4},"end":{"line":131,"column":4}},{"start":{"line":131,"column":4},"end":{"line":131,"column":4}}]},"2":{"line":132,"type":"if","locations":[{"start":{"line":132,"column":4},"end":{"line":132,"column":4}},{"start":{"line":132,"column":4},"end":{"line":132,"column":4}}]},"3":{"line":133,"type":"if","locations":[{"start":{"line":133,"column":4},"end":{"line":133,"column":4}},{"start":{"line":133,"column":4},"end":{"line":133,"column":4}}]},"4":{"line":159,"type":"if","locations":[{"start":{"line":159,"column":4},"end":{"line":159,"column":4}},{"start":{"line":159,"column":4},"end":{"line":159,"column":4}}]},"5":{"line":160,"type":"if","locations":[{"start":{"line":160,"column":4},"end":{"line":160,"column":4}},{"start":{"line":160,"column":4},"end":{"line":160,"column":4}}]},"6":{"line":161,"type":"if","locations":[{"start":{"line":161,"column":4},"end":{"line":161,"column":4}},{"start":{"line":161,"column":4},"end":{"line":161,"column":4}}]},"7":{"line":162,"type":"if","locations":[{"start":{"line":162,"column":4},"end":{"line":162,"column":4}},{"start":{"line":162,"column":4},"end":{"line":162,"column":4}}]},"8":{"line":187,"type":"if","locations":[{"start":{"line":187,"column":4},"end":{"line":187,"column":4}},{"start":{"line":187,"column":4},"end":{"line":187,"column":4}}]},"9":{"line":188,"type":"if","locations":[{"start":{"line":188,"column":4},"end":{"line":188,"column":4}},{"start":{"line":188,"column":4},"end":{"line":188,"column":4}}]},"10":{"line":189,"type":"if","locations":[{"start":{"line":189,"column":4},"end":{"line":189,"column":4}},{"start":{"line":189,"column":4},"end":{"line":189,"column":4}}]},"11":{"line":246,"type":"if","locations":[{"start":{"line":246,"column":4},"end":{"line":246,"column":4}},{"start":{"line":246,"column":4},"end":{"line":246,"column":4}}]},"12":{"line":247,"type":"if","locations":[{"start":{"line":247,"column":4},"end":{"line":247,"column":4}},{"start":{"line":247,"column":4},"end":{"line":247,"column":4}}]},"13":{"line":316,"type":"if","locations":[{"start":{"line":316,"column":4},"end":{"line":316,"column":4}},{"start":{"line":316,"column":4},"end":{"line":316,"column":4}}]},"14":{"line":329,"type":"if","locations":[{"start":{"line":329,"column":4},"end":{"line":329,"column":4}},{"start":{"line":329,"column":4},"end":{"line":329,"column":4}}]},"15":{"line":354,"type":"if","locations":[{"start":{"line":354,"column":4},"end":{"line":354,"column":4}},{"start":{"line":354,"column":4},"end":{"line":354,"column":4}}]},"16":{"line":357,"type":"if","locations":[{"start":{"line":357,"column":6},"end":{"line":357,"column":6}},{"start":{"line":357,"column":6},"end":{"line":357,"column":6}}]},"17":{"line":386,"type":"if","locations":[{"start":{"line":386,"column":6},"end":{"line":386,"column":6}},{"start":{"line":386,"column":6},"end":{"line":386,"column":6}}]}}},"contracts/X11.sol":{"l":{"9":17},"path":"/Users/dimitrymd/Documents/prj/x11repo/contracts/X11.sol","s":{"1":17},"b":{},"f":{"1":17},"fnMap":{"1":{"name":"constructor","line":8,"loc":{"start":{"line":8,"column":40},"end":{"line":8,"column":10}}}},"statementMap":{"1":{"start":{"line":9,"column":4},"end":{"line":9,"column":38}}},"branchMap":{}},"contracts/X721.sol":{"l":{"36":18,"37":18,"42":2,"50":44,"60":3,"70":30,"72":28,"73":28,"74":28,"75":28,"77":28,"79":28,"81":28,"91":1,"111":1,"112":1,"113":1,"121":32,"129":3,"133":1,"134":1,"136":1,"137":1,"138":1,"139":1,"140":1},"path":"/Users/dimitrymd/Documents/prj/x11repo/contracts/X721.sol","s":{"1":18,"2":18,"3":2,"4":44,"5":3,"6":30,"7":28,"8":28,"9":28,"10":28,"11":28,"12":28,"13":28,"14":1,"15":1,"16":1,"17":1,"18":32,"19":3,"20":1,"21":1,"22":1,"23":1,"24":1},"b":{"1":[0,2],"2":[28,2],"3":[1,0]},"f":{"1":18,"2":2,"3":44,"4":3,"5":30,"6":1,"7":1,"8":32,"9":3,"10":1},"fnMap":{"1":{"name":"constructor","line":35,"loc":{"start":{"line":35,"column":39},"end":{"line":35,"column":10}}},"2":{"name":"safeMint","line":41,"loc":{"start":{"line":41,"column":4},"end":{"line":41,"column":38}}},"3":{"name":"_beforeTokenTransfer","line":46,"loc":{"start":{"line":46,"column":4},"end":{"line":49,"column":5}}},"4":{"name":"supportsInterface","line":54,"loc":{"start":{"line":54,"column":3},"end":{"line":59,"column":5}}},"5":{"name":"mintNFT","line":69,"loc":{"start":{"line":69,"column":4},"end":{"line":69,"column":94}}},"6":{"name":"formatTokenURI","line":89,"loc":{"start":{"line":89,"column":4},"end":{"line":90,"column":5}}},"7":{"name":"tokenURI","line":110,"loc":{"start":{"line":110,"column":4},"end":{"line":110,"column":116}}},"8":{"name":"peggedAmount","line":120,"loc":{"start":{"line":120,"column":4},"end":{"line":120,"column":71}}},"9":{"name":"getPoolId","line":128,"loc":{"start":{"line":128,"column":4},"end":{"line":128,"column":68}}},"10":{"name":"_burn","line":132,"loc":{"start":{"line":132,"column":4},"end":{"line":132,"column":78}}}},"statementMap":{"1":{"start":{"line":36,"column":8},"end":{"line":36,"column":49}},"2":{"start":{"line":37,"column":8},"end":{"line":37,"column":42}},"3":{"start":{"line":42,"column":8},"end":{"line":42,"column":56}},"4":{"start":{"line":50,"column":8},"end":{"line":50,"column":52}},"5":{"start":{"line":60,"column":8},"end":{"line":60,"column":51}},"6":{"start":{"line":70,"column":8},"end":{"line":70,"column":74}},"7":{"start":{"line":72,"column":8},"end":{"line":72,"column":34}},"8":{"start":{"line":73,"column":8},"end":{"line":73,"column":53}},"9":{"start":{"line":74,"column":8},"end":{"line":74,"column":58}},"10":{"start":{"line":75,"column":8},"end":{"line":75,"column":29}},"11":{"start":{"line":77,"column":8},"end":{"line":77,"column":32}},"12":{"start":{"line":79,"column":8},"end":{"line":79,"column":57}},"13":{"start":{"line":81,"column":8},"end":{"line":81,"column":24}},"14":{"start":{"line":91,"column":8},"end":{"line":91,"column":2966}},"15":{"start":{"line":111,"column":8},"end":{"line":111,"column":52}},"16":{"start":{"line":112,"column":8},"end":{"line":112,"column":52}},"17":{"start":{"line":113,"column":8},"end":{"line":113,"column":45}},"18":{"start":{"line":121,"column":8},"end":{"line":121,"column":42}},"19":{"start":{"line":129,"column":8},"end":{"line":129,"column":42}},"20":{"start":{"line":133,"column":8},"end":{"line":133,"column":28}},"21":{"start":{"line":136,"column":8},"end":{"line":136,"column":4568}},"22":{"start":{"line":137,"column":12},"end":{"line":137,"column":4627}},"23":{"start":{"line":138,"column":16},"end":{"line":138,"column":52}},"24":{"start":{"line":139,"column":16},"end":{"line":139,"column":27}}},"branchMap":{"1":{"line":42,"type":"if","locations":[{"start":{"line":42,"column":8},"end":{"line":42,"column":8}},{"start":{"line":42,"column":8},"end":{"line":42,"column":8}}]},"2":{"line":70,"type":"if","locations":[{"start":{"line":70,"column":8},"end":{"line":70,"column":8}},{"start":{"line":70,"column":8},"end":{"line":70,"column":8}}]},"3":{"line":137,"type":"if","locations":[{"start":{"line":137,"column":12},"end":{"line":137,"column":12}},{"start":{"line":137,"column":12},"end":{"line":137,"column":12}}]}}},"contracts/X721StakingPool.sol":{"l":{"57":3,"58":3,"65":1,"66":1,"67":1,"75":6,"76":6,"85":0,"94":0,"102":13,"103":11,"105":11,"114":11,"115":11,"116":11,"118":11,"119":2,"121":11,"122":11,"123":11,"124":9,"125":9,"126":9,"127":9,"135":8,"136":2,"144":4,"145":2,"154":6,"155":4,"157":4,"159":4,"160":4,"161":12,"163":4,"164":4,"165":4,"166":0,"167":0,"169":4,"170":4,"171":4,"176":4,"177":0,"179":4,"181":4,"182":4,"184":4,"194":9,"195":9,"196":1,"198":0,"200":1,"202":0,"204":7,"206":0,"215":3,"216":3,"217":3,"218":7,"219":7,"220":7,"221":3,"223":7,"225":7,"234":1,"235":1,"244":9,"245":9,"246":7,"247":3,"248":3,"249":3,"251":3,"253":3,"254":3,"262":2},"path":"/Users/dimitrymd/Documents/prj/x11repo/contracts/X721StakingPool.sol","s":{"1":3,"2":3,"3":1,"4":1,"5":1,"6":6,"7":6,"8":0,"9":0,"10":13,"11":11,"12":11,"13":11,"14":11,"15":11,"16":11,"17":2,"18":11,"19":11,"20":11,"21":9,"22":9,"23":9,"24":8,"25":2,"26":4,"27":2,"28":6,"29":4,"30":4,"31":4,"32":4,"33":12,"34":4,"35":4,"36":4,"37":0,"38":0,"39":4,"40":4,"41":4,"42":4,"43":4,"44":4,"45":9,"46":9,"47":1,"48":8,"49":0,"50":8,"51":1,"52":7,"53":0,"54":7,"55":7,"56":0,"57":0,"58":3,"59":3,"60":3,"61":7,"62":7,"63":7,"64":3,"65":7,"66":7,"67":1,"68":1,"69":9,"70":9,"71":7,"72":3,"73":3,"74":3,"75":3,"76":3,"77":3,"78":2},"b":{"1":[1,0],"2":[11,2],"3":[11,0],"4":[2,9],"5":[4,2],"6":[4,0],"7":[4,8],"8":[0,4],"9":[1,8],"10":[0,8],"11":[1,7],"12":[0,7],"13":[7,0],"14":[0,0],"15":[3,4],"16":[7,2],"17":[3,4],"18":[3,0],"19":[3,0],"20":[3,0]},"f":{"1":3,"2":1,"3":6,"4":0,"5":0,"6":13,"7":11,"8":8,"9":4,"10":6,"11":9,"12":3,"13":1,"14":9,"15":2},"fnMap":{"1":{"name":"constructor","line":56,"loc":{"start":{"line":56,"column":4},"end":{"line":56,"column":64}}},"2":{"name":"initStaking","line":64,"loc":{"start":{"line":64,"column":42},"end":{"line":64,"column":3}}},"3":{"name":"setTokensClaimable","line":74,"loc":{"start":{"line":74,"column":66},"end":{"line":74,"column":3}}},"4":{"name":"getStakedTokens","line":84,"loc":{"start":{"line":84,"column":4},"end":{"line":84,"column":89}}},"5":{"name":"getStakedTokenOwner","line":93,"loc":{"start":{"line":93,"column":4},"end":{"line":93,"column":84}}},"6":{"name":"stake","line":101,"loc":{"start":{"line":101,"column":4},"end":{"line":101,"column":41}}},"7":{"name":"_stake","line":113,"loc":{"start":{"line":113,"column":4},"end":{"line":113,"column":59}}},"8":{"name":"unstake","line":134,"loc":{"start":{"line":134,"column":57},"end":{"line":134,"column":3}}},"9":{"name":"emergencyUnstake","line":143,"loc":{"start":{"line":143,"column":4},"end":{"line":143,"column":52}}},"10":{"name":"_unstake","line":153,"loc":{"start":{"line":153,"column":4},"end":{"line":153,"column":61}}},"11":{"name":"getInvestmentTier","line":193,"loc":{"start":{"line":193,"column":4},"end":{"line":193,"column":76}}},"12":{"name":"updateReward","line":214,"loc":{"start":{"line":214,"column":4},"end":{"line":214,"column":45}}},"13":{"name":"getReward","line":233,"loc":{"start":{"line":233,"column":4},"end":{"line":233,"column":65}}},"14":{"name":"claimReward","line":243,"loc":{"start":{"line":243,"column":4},"end":{"line":243,"column":62}}},"15":{"name":"setRateToUSD","line":261,"loc":{"start":{"line":261,"column":56},"end":{"line":261,"column":3}}}},"statementMap":{"1":{"start":{"line":57,"column":8},"end":{"line":57,"column":39}},"2":{"start":{"line":58,"column":8},"end":{"line":58,"column":41}},"3":{"start":{"line":65,"column":8},"end":{"line":65,"column":51}},"4":{"start":{"line":66,"column":8},"end":{"line":66,"column":41}},"5":{"start":{"line":67,"column":8},"end":{"line":67,"column":25}},"6":{"start":{"line":75,"column":8},"end":{"line":75,"column":35}},"7":{"start":{"line":76,"column":8},"end":{"line":76,"column":47}},"8":{"start":{"line":85,"column":8},"end":{"line":85,"column":37}},"9":{"start":{"line":94,"column":8},"end":{"line":94,"column":35}},"10":{"start":{"line":102,"column":8},"end":{"line":102,"column":59}},"11":{"start":{"line":103,"column":8},"end":{"line":103,"column":87}},"12":{"start":{"line":105,"column":8},"end":{"line":105,"column":35}},"13":{"start":{"line":114,"column":8},"end":{"line":114,"column":45}},"14":{"start":{"line":115,"column":8},"end":{"line":115,"column":38}},"15":{"start":{"line":116,"column":8},"end":{"line":116,"column":42}},"16":{"start":{"line":118,"column":8},"end":{"line":118,"column":3779}},"17":{"start":{"line":119,"column":12},"end":{"line":119,"column":30}},"18":{"start":{"line":121,"column":8},"end":{"line":121,"column":60}},"19":{"start":{"line":122,"column":8},"end":{"line":122,"column":35}},"20":{"start":{"line":123,"column":8},"end":{"line":123,"column":67}},"21":{"start":{"line":124,"column":8},"end":{"line":124,"column":34}},"22":{"start":{"line":125,"column":8},"end":{"line":125,"column":24}},"23":{"start":{"line":127,"column":8},"end":{"line":127,"column":39}},"24":{"start":{"line":135,"column":8},"end":{"line":135,"column":30}},"25":{"start":{"line":136,"column":8},"end":{"line":136,"column":37}},"26":{"start":{"line":144,"column":8},"end":{"line":144,"column":37}},"27":{"start":{"line":145,"column":8},"end":{"line":145,"column":51}},"28":{"start":{"line":154,"column":8},"end":{"line":154,"column":73}},"29":{"start":{"line":155,"column":8},"end":{"line":155,"column":45}},"30":{"start":{"line":157,"column":8},"end":{"line":157,"column":55}},"31":{"start":{"line":159,"column":8},"end":{"line":159,"column":5076}},"32":{"start":{"line":160,"column":12},"end":{"line":160,"column":5127}},"33":{"start":{"line":161,"column":16},"end":{"line":161,"column":5203}},"34":{"start":{"line":163,"column":20},"end":{"line":163,"column":68}},"35":{"start":{"line":164,"column":20},"end":{"line":164,"column":62}},"36":{"start":{"line":165,"column":20},"end":{"line":165,"column":5455}},"37":{"start":{"line":166,"column":24},"end":{"line":166,"column":68}},"38":{"start":{"line":167,"column":24},"end":{"line":167,"column":62}},"39":{"start":{"line":169,"column":20},"end":{"line":169,"column":41}},"40":{"start":{"line":170,"column":20},"end":{"line":170,"column":38}},"41":{"start":{"line":171,"column":20},"end":{"line":171,"column":72}},"42":{"start":{"line":176,"column":8},"end":{"line":176,"column":5883}},"43":{"start":{"line":181,"column":8},"end":{"line":181,"column":67}},"44":{"start":{"line":184,"column":8},"end":{"line":184,"column":38}},"45":{"start":{"line":194,"column":8},"end":{"line":194,"column":65}},"46":{"start":{"line":195,"column":8},"end":{"line":195,"column":6447}},"47":{"start":{"line":196,"column":12},"end":{"line":196,"column":60}},"48":{"start":{"line":197,"column":15},"end":{"line":197,"column":6553}},"49":{"start":{"line":198,"column":12},"end":{"line":198,"column":60}},"50":{"start":{"line":199,"column":15},"end":{"line":199,"column":6682}},"51":{"start":{"line":200,"column":12},"end":{"line":200,"column":61}},"52":{"start":{"line":201,"column":15},"end":{"line":201,"column":6813}},"53":{"start":{"line":202,"column":12},"end":{"line":202,"column":61}},"54":{"start":{"line":203,"column":15},"end":{"line":203,"column":6944}},"55":{"start":{"line":204,"column":12},"end":{"line":204,"column":61}},"56":{"start":{"line":205,"column":15},"end":{"line":205,"column":7075}},"57":{"start":{"line":206,"column":12},"end":{"line":206,"column":61}},"58":{"start":{"line":215,"column":8},"end":{"line":215,"column":45}},"59":{"start":{"line":216,"column":8},"end":{"line":216,"column":48}},"60":{"start":{"line":217,"column":8},"end":{"line":217,"column":7445}},"61":{"start":{"line":218,"column":12},"end":{"line":218,"column":92}},"62":{"start":{"line":219,"column":12},"end":{"line":219,"column":52}},"63":{"start":{"line":220,"column":12},"end":{"line":220,"column":7652}},"64":{"start":{"line":221,"column":16},"end":{"line":221,"column":34}},"65":{"start":{"line":223,"column":12},"end":{"line":223,"column":7777}},"66":{"start":{"line":225,"column":12},"end":{"line":225,"column":42}},"67":{"start":{"line":234,"column":8},"end":{"line":234,"column":45}},"68":{"start":{"line":235,"column":8},"end":{"line":235,"column":30}},"69":{"start":{"line":244,"column":8},"end":{"line":244,"column":86}},"70":{"start":{"line":245,"column":8},"end":{"line":245,"column":72}},"71":{"start":{"line":246,"column":8},"end":{"line":246,"column":53}},"72":{"start":{"line":247,"column":8},"end":{"line":247,"column":108}},"73":{"start":{"line":248,"column":8},"end":{"line":248,"column":74}},"74":{"start":{"line":249,"column":8},"end":{"line":249,"column":79}},"75":{"start":{"line":251,"column":8},"end":{"line":251,"column":54}},"76":{"start":{"line":253,"column":8},"end":{"line":253,"column":47}},"77":{"start":{"line":254,"column":8},"end":{"line":254,"column":30}},"78":{"start":{"line":262,"column":8},"end":{"line":262,"column":27}}},"branchMap":{"1":{"line":65,"type":"if","locations":[{"start":{"line":65,"column":8},"end":{"line":65,"column":8}},{"start":{"line":65,"column":8},"end":{"line":65,"column":8}}]},"2":{"line":102,"type":"if","locations":[{"start":{"line":102,"column":8},"end":{"line":102,"column":8}},{"start":{"line":102,"column":8},"end":{"line":102,"column":8}}]},"3":{"line":103,"type":"if","locations":[{"start":{"line":103,"column":8},"end":{"line":103,"column":8}},{"start":{"line":103,"column":8},"end":{"line":103,"column":8}}]},"4":{"line":118,"type":"if","locations":[{"start":{"line":118,"column":8},"end":{"line":118,"column":8}},{"start":{"line":118,"column":8},"end":{"line":118,"column":8}}]},"5":{"line":154,"type":"if","locations":[{"start":{"line":154,"column":8},"end":{"line":154,"column":8}},{"start":{"line":154,"column":8},"end":{"line":154,"column":8}}]},"6":{"line":159,"type":"if","locations":[{"start":{"line":159,"column":8},"end":{"line":159,"column":8}},{"start":{"line":159,"column":8},"end":{"line":159,"column":8}}]},"7":{"line":161,"type":"if","locations":[{"start":{"line":161,"column":16},"end":{"line":161,"column":16}},{"start":{"line":161,"column":16},"end":{"line":161,"column":16}}]},"8":{"line":176,"type":"if","locations":[{"start":{"line":176,"column":8},"end":{"line":176,"column":8}},{"start":{"line":176,"column":8},"end":{"line":176,"column":8}}]},"9":{"line":195,"type":"if","locations":[{"start":{"line":195,"column":8},"end":{"line":195,"column":8}},{"start":{"line":195,"column":8},"end":{"line":195,"column":8}}]},"10":{"line":197,"type":"if","locations":[{"start":{"line":197,"column":15},"end":{"line":197,"column":15}},{"start":{"line":197,"column":15},"end":{"line":197,"column":15}}]},"11":{"line":199,"type":"if","locations":[{"start":{"line":199,"column":15},"end":{"line":199,"column":15}},{"start":{"line":199,"column":15},"end":{"line":199,"column":15}}]},"12":{"line":201,"type":"if","locations":[{"start":{"line":201,"column":15},"end":{"line":201,"column":15}},{"start":{"line":201,"column":15},"end":{"line":201,"column":15}}]},"13":{"line":203,"type":"if","locations":[{"start":{"line":203,"column":15},"end":{"line":203,"column":15}},{"start":{"line":203,"column":15},"end":{"line":203,"column":15}}]},"14":{"line":205,"type":"if","locations":[{"start":{"line":205,"column":15},"end":{"line":205,"column":15}},{"start":{"line":205,"column":15},"end":{"line":205,"column":15}}]},"15":{"line":220,"type":"if","locations":[{"start":{"line":220,"column":12},"end":{"line":220,"column":12}},{"start":{"line":220,"column":12},"end":{"line":220,"column":12}}]},"16":{"line":245,"type":"if","locations":[{"start":{"line":245,"column":8},"end":{"line":245,"column":8}},{"start":{"line":245,"column":8},"end":{"line":245,"column":8}}]},"17":{"line":246,"type":"if","locations":[{"start":{"line":246,"column":8},"end":{"line":246,"column":8}},{"start":{"line":246,"column":8},"end":{"line":246,"column":8}}]},"18":{"line":247,"type":"if","locations":[{"start":{"line":247,"column":8},"end":{"line":247,"column":8}},{"start":{"line":247,"column":8},"end":{"line":247,"column":8}}]},"19":{"line":248,"type":"if","locations":[{"start":{"line":248,"column":8},"end":{"line":248,"column":8}},{"start":{"line":248,"column":8},"end":{"line":248,"column":8}}]},"20":{"line":249,"type":"if","locations":[{"start":{"line":249,"column":8},"end":{"line":249,"column":8}},{"start":{"line":249,"column":8},"end":{"line":249,"column":8}}]}}}}