{"contracts/BUSD.sol":{"l":{"8":3},"path":"/Users/dimitrymd/Documents/prj/x11repo/contracts/BUSD.sol","s":{"1":3},"b":{},"f":{"1":3},"fnMap":{"1":{"name":"constructor","line":7,"loc":{"start":{"line":7,"column":50},"end":{"line":7,"column":3}}}},"statementMap":{"1":{"start":{"line":8,"column":4},"end":{"line":8,"column":38}}},"branchMap":{}},"contracts/Fund.sol":{"l":{"92":3,"93":3,"94":3,"95":3,"96":3,"97":3,"111":2,"112":2,"121":2,"131":12,"132":8,"133":6,"134":4,"135":2,"145":2,"146":2,"147":2,"148":2,"149":2,"150":2,"161":7,"162":5,"165":1,"175":1,"176":1,"177":1,"178":1,"188":12,"189":10,"190":6,"192":4,"202":4,"204":2,"205":2,"207":2,"208":2,"210":2,"211":2,"212":2,"214":2,"215":2,"216":2,"218":2,"220":2,"229":7,"230":7,"231":7,"233":7,"234":7,"236":7,"245":7,"246":7,"247":7,"248":5,"250":3,"252":3,"253":1,"255":1,"257":1,"263":2,"267":2,"271":1,"317":3,"319":1,"321":1,"330":5,"331":3,"335":3,"336":3,"337":3,"339":3,"340":3,"342":3,"343":3,"345":3,"355":3,"357":1,"358":2,"359":1,"360":1,"361":1,"362":1,"367":1,"373":1,"377":1,"381":3,"386":6,"387":6,"388":5,"391":1,"405":3,"409":1,"413":1,"421":8,"425":6,"429":1,"430":1,"434":19},"path":"/Users/dimitrymd/Documents/prj/x11repo/contracts/Fund.sol","s":{"1":3,"2":3,"3":3,"4":3,"5":3,"6":3,"7":2,"8":2,"9":2,"10":12,"11":8,"12":6,"13":4,"14":2,"15":2,"16":2,"17":2,"18":2,"19":2,"20":7,"21":5,"22":1,"23":1,"24":1,"25":1,"26":1,"27":12,"28":10,"29":6,"30":4,"31":4,"32":2,"33":2,"34":2,"35":2,"36":2,"37":2,"38":2,"39":2,"40":2,"41":2,"42":2,"43":7,"44":7,"45":7,"46":7,"47":7,"48":7,"49":7,"50":7,"51":7,"52":5,"53":3,"54":3,"55":1,"56":1,"57":1,"58":2,"59":2,"60":1,"61":3,"62":1,"63":1,"64":5,"65":3,"66":3,"67":3,"68":3,"69":3,"70":3,"71":3,"72":3,"73":3,"74":3,"75":1,"76":2,"77":1,"78":1,"79":1,"80":1,"81":1,"82":1,"83":1,"84":3,"85":6,"86":6,"87":5,"88":1,"89":3,"90":1,"91":1,"92":8,"93":6,"94":1,"95":1,"96":19},"b":{"1":[8,4],"2":[6,2],"3":[4,2],"4":[2,2],"5":[5,2],"6":[1,4],"7":[10,2],"8":[6,4],"9":[4,2],"10":[5,2],"11":[3,2],"12":[1,2],"13":[3,2],"14":[1,2],"15":[1,1],"16":[5,1]},"f":{"1":3,"2":2,"3":2,"4":12,"5":2,"6":7,"7":1,"8":12,"9":4,"10":7,"11":7,"12":2,"13":2,"14":1,"15":3,"16":5,"17":3,"18":3,"19":1,"20":1,"21":3,"22":6,"23":3,"24":1,"25":1,"26":8,"27":6,"28":1,"29":19},"fnMap":{"1":{"name":"constructor","line":91,"loc":{"start":{"line":91,"column":2},"end":{"line":91,"column":66}}},"2":{"name":"addPool","line":110,"loc":{"start":{"line":110,"column":173},"end":{"line":110,"column":3}}},"3":{"name":"getPoolInfo","line":120,"loc":{"start":{"line":120,"column":2},"end":{"line":120,"column":65}}},"4":{"name":"addStakeHolderInPool","line":130,"loc":{"start":{"line":130,"column":2},"end":{"line":130,"column":91}}},"5":{"name":"_addStakeHolderInPool","line":144,"loc":{"start":{"line":144,"column":2},"end":{"line":144,"column":94}}},"6":{"name":"claimInitStakeFromPool","line":159,"loc":{"start":{"line":159,"column":2},"end":{"line":159,"column":90}}},"7":{"name":"_claimInitStakeFromPool","line":174,"loc":{"start":{"line":174,"column":2},"end":{"line":174,"column":93}}},"8":{"name":"addBUSDStakeInPool","line":187,"loc":{"start":{"line":187,"column":2},"end":{"line":187,"column":92}}},"9":{"name":"_addBUSDStakeInPool","line":201,"loc":{"start":{"line":201,"column":2},"end":{"line":201,"column":95}}},"10":{"name":"updateReward","line":228,"loc":{"start":{"line":228,"column":2},"end":{"line":228,"column":50}}},"11":{"name":"withdrawBUSDRewardWithToken","line":244,"loc":{"start":{"line":244,"column":75},"end":{"line":244,"column":3}}},"12":{"name":"setAdminWallet","line":262,"loc":{"start":{"line":262,"column":58},"end":{"line":262,"column":3}}},"13":{"name":"setFeeWallet","line":266,"loc":{"start":{"line":266,"column":56},"end":{"line":266,"column":3}}},"14":{"name":"setFundWallet","line":270,"loc":{"start":{"line":270,"column":57},"end":{"line":270,"column":3}}},"15":{"name":"emergencyWithdrawRewardsToAdmin","line":316,"loc":{"start":{"line":316,"column":60},"end":{"line":316,"column":3}}},"16":{"name":"fundPool","line":329,"loc":{"start":{"line":329,"column":74},"end":{"line":329,"column":3}}},"17":{"name":"_fundPool","line":334,"loc":{"start":{"line":334,"column":2},"end":{"line":334,"column":68}}},"18":{"name":"closePool","line":354,"loc":{"start":{"line":354,"column":108},"end":{"line":354,"column":3}}},"19":{"name":"getTotalPools","line":372,"loc":{"start":{"line":372,"column":2},"end":{"line":372,"column":56}}},"20":{"name":"getTotalInitStakes","line":376,"loc":{"start":{"line":376,"column":2},"end":{"line":376,"column":61}}},"21":{"name":"getTotalBUSDStakes","line":380,"loc":{"start":{"line":380,"column":2},"end":{"line":380,"column":61}}},"22":{"name":"isHolderInPool","line":385,"loc":{"start":{"line":385,"column":2},"end":{"line":385,"column":87}}},"23":{"name":"getTotalStakedInPool","line":404,"loc":{"start":{"line":404,"column":2},"end":{"line":404,"column":78}}},"24":{"name":"getStakersInThePool","line":408,"loc":{"start":{"line":408,"column":2},"end":{"line":408,"column":77}}},"25":{"name":"getTotalInvestment","line":412,"loc":{"start":{"line":412,"column":2},"end":{"line":412,"column":61}}},"26":{"name":"GetAllowance","line":420,"loc":{"start":{"line":420,"column":2},"end":{"line":420,"column":54}}},"27":{"name":"GetUserBUSDBalance","line":424,"loc":{"start":{"line":424,"column":2},"end":{"line":424,"column":60}}},"28":{"name":"ApproveBUSD","line":428,"loc":{"start":{"line":428,"column":2},"end":{"line":428,"column":65}}},"29":{"name":"GetBUSDAllowance","line":433,"loc":{"start":{"line":433,"column":2},"end":{"line":433,"column":58}}}},"statementMap":{"1":{"start":{"line":92,"column":4},"end":{"line":92,"column":25}},"2":{"start":{"line":93,"column":4},"end":{"line":93,"column":23}},"3":{"start":{"line":94,"column":4},"end":{"line":94,"column":21}},"4":{"start":{"line":95,"column":4},"end":{"line":95,"column":59}},"5":{"start":{"line":96,"column":4},"end":{"line":96,"column":61}},"6":{"start":{"line":97,"column":4},"end":{"line":97,"column":58}},"7":{"start":{"line":111,"column":4},"end":{"line":111,"column":36}},"8":{"start":{"line":112,"column":4},"end":{"line":112,"column":103}},"9":{"start":{"line":121,"column":4},"end":{"line":121,"column":20}},"10":{"start":{"line":131,"column":4},"end":{"line":131,"column":57}},"11":{"start":{"line":132,"column":4},"end":{"line":132,"column":88}},"12":{"start":{"line":133,"column":4},"end":{"line":133,"column":89}},"13":{"start":{"line":134,"column":4},"end":{"line":134,"column":87}},"14":{"start":{"line":135,"column":4},"end":{"line":135,"column":55}},"15":{"start":{"line":145,"column":4},"end":{"line":145,"column":89}},"16":{"start":{"line":147,"column":4},"end":{"line":147,"column":37}},"17":{"start":{"line":148,"column":4},"end":{"line":148,"column":62}},"18":{"start":{"line":149,"column":4},"end":{"line":149,"column":103}},"19":{"start":{"line":150,"column":4},"end":{"line":150,"column":15}},"20":{"start":{"line":161,"column":4},"end":{"line":161,"column":70}},"21":{"start":{"line":162,"column":4},"end":{"line":162,"column":129}},"22":{"start":{"line":165,"column":4},"end":{"line":165,"column":54}},"23":{"start":{"line":175,"column":4},"end":{"line":175,"column":111}},"24":{"start":{"line":176,"column":4},"end":{"line":176,"column":116}},"25":{"start":{"line":177,"column":4},"end":{"line":177,"column":112}},"26":{"start":{"line":178,"column":4},"end":{"line":178,"column":15}},"27":{"start":{"line":188,"column":4},"end":{"line":188,"column":92}},"28":{"start":{"line":189,"column":4},"end":{"line":189,"column":89}},"29":{"start":{"line":190,"column":4},"end":{"line":190,"column":58}},"30":{"start":{"line":192,"column":4},"end":{"line":192,"column":53}},"31":{"start":{"line":202,"column":4},"end":{"line":202,"column":61}},"32":{"start":{"line":204,"column":4},"end":{"line":204,"column":40}},"33":{"start":{"line":205,"column":4},"end":{"line":205,"column":44}},"34":{"start":{"line":207,"column":4},"end":{"line":207,"column":36}},"35":{"start":{"line":208,"column":4},"end":{"line":208,"column":42}},"36":{"start":{"line":210,"column":4},"end":{"line":210,"column":69}},"37":{"start":{"line":211,"column":4},"end":{"line":211,"column":78}},"38":{"start":{"line":212,"column":4},"end":{"line":212,"column":60}},"39":{"start":{"line":215,"column":4},"end":{"line":215,"column":42}},"40":{"start":{"line":216,"column":4},"end":{"line":216,"column":34}},"41":{"start":{"line":218,"column":4},"end":{"line":218,"column":107}},"42":{"start":{"line":220,"column":4},"end":{"line":220,"column":18}},"43":{"start":{"line":229,"column":4},"end":{"line":229,"column":45}},"44":{"start":{"line":230,"column":4},"end":{"line":230,"column":62}},"45":{"start":{"line":231,"column":4},"end":{"line":231,"column":52}},"46":{"start":{"line":233,"column":4},"end":{"line":233,"column":70}},"47":{"start":{"line":234,"column":4},"end":{"line":234,"column":53}},"48":{"start":{"line":236,"column":4},"end":{"line":236,"column":40}},"49":{"start":{"line":245,"column":4},"end":{"line":245,"column":25}},"50":{"start":{"line":246,"column":4},"end":{"line":246,"column":45}},"51":{"start":{"line":247,"column":4},"end":{"line":247,"column":36}},"52":{"start":{"line":248,"column":4},"end":{"line":248,"column":48}},"53":{"start":{"line":250,"column":4},"end":{"line":250,"column":52}},"54":{"start":{"line":252,"column":4},"end":{"line":252,"column":66}},"55":{"start":{"line":253,"column":4},"end":{"line":253,"column":42}},"56":{"start":{"line":255,"column":4},"end":{"line":255,"column":45}},"57":{"start":{"line":257,"column":4},"end":{"line":257,"column":72}},"58":{"start":{"line":263,"column":4},"end":{"line":263,"column":24}},"59":{"start":{"line":267,"column":4},"end":{"line":267,"column":26}},"60":{"start":{"line":271,"column":4},"end":{"line":271,"column":23}},"61":{"start":{"line":317,"column":4},"end":{"line":317,"column":45}},"62":{"start":{"line":319,"column":4},"end":{"line":319,"column":59}},"63":{"start":{"line":321,"column":4},"end":{"line":321,"column":44}},"64":{"start":{"line":330,"column":4},"end":{"line":330,"column":92}},"65":{"start":{"line":331,"column":4},"end":{"line":331,"column":35}},"66":{"start":{"line":335,"column":4},"end":{"line":335,"column":42}},"67":{"start":{"line":336,"column":4},"end":{"line":336,"column":42}},"68":{"start":{"line":337,"column":4},"end":{"line":337,"column":52}},"69":{"start":{"line":339,"column":4},"end":{"line":339,"column":39}},"70":{"start":{"line":340,"column":4},"end":{"line":340,"column":61}},"71":{"start":{"line":342,"column":4},"end":{"line":342,"column":37}},"72":{"start":{"line":343,"column":4},"end":{"line":343,"column":34}},"73":{"start":{"line":345,"column":4},"end":{"line":345,"column":41}},"74":{"start":{"line":355,"column":4},"end":{"line":355,"column":68}},"75":{"start":{"line":357,"column":4},"end":{"line":357,"column":12678}},"76":{"start":{"line":358,"column":6},"end":{"line":358,"column":12736}},"77":{"start":{"line":359,"column":8},"end":{"line":359,"column":71}},"78":{"start":{"line":360,"column":8},"end":{"line":360,"column":76}},"79":{"start":{"line":361,"column":8},"end":{"line":361,"column":55}},"80":{"start":{"line":362,"column":8},"end":{"line":362,"column":39}},"81":{"start":{"line":367,"column":4},"end":{"line":367,"column":34}},"82":{"start":{"line":373,"column":4},"end":{"line":373,"column":23}},"83":{"start":{"line":377,"column":4},"end":{"line":377,"column":26}},"84":{"start":{"line":381,"column":4},"end":{"line":381,"column":28}},"85":{"start":{"line":386,"column":4},"end":{"line":386,"column":13593}},"86":{"start":{"line":387,"column":6},"end":{"line":387,"column":13660}},"87":{"start":{"line":388,"column":8},"end":{"line":388,"column":21}},"88":{"start":{"line":391,"column":4},"end":{"line":391,"column":13}},"89":{"start":{"line":405,"column":4},"end":{"line":405,"column":35}},"90":{"start":{"line":409,"column":4},"end":{"line":409,"column":36}},"91":{"start":{"line":413,"column":4},"end":{"line":413,"column":27}},"92":{"start":{"line":421,"column":4},"end":{"line":421,"column":53}},"93":{"start":{"line":425,"column":4},"end":{"line":425,"column":37}},"94":{"start":{"line":429,"column":4},"end":{"line":429,"column":44}},"95":{"start":{"line":430,"column":4},"end":{"line":430,"column":15}},"96":{"start":{"line":434,"column":4},"end":{"line":434,"column":52}}},"branchMap":{"1":{"line":131,"type":"if","locations":[{"start":{"line":131,"column":4},"end":{"line":131,"column":4}},{"start":{"line":131,"column":4},"end":{"line":131,"column":4}}]},"2":{"line":132,"type":"if","locations":[{"start":{"line":132,"column":4},"end":{"line":132,"column":4}},{"start":{"line":132,"column":4},"end":{"line":132,"column":4}}]},"3":{"line":133,"type":"if","locations":[{"start":{"line":133,"column":4},"end":{"line":133,"column":4}},{"start":{"line":133,"column":4},"end":{"line":133,"column":4}}]},"4":{"line":134,"type":"if","locations":[{"start":{"line":134,"column":4},"end":{"line":134,"column":4}},{"start":{"line":134,"column":4},"end":{"line":134,"column":4}}]},"5":{"line":161,"type":"if","locations":[{"start":{"line":161,"column":4},"end":{"line":161,"column":4}},{"start":{"line":161,"column":4},"end":{"line":161,"column":4}}]},"6":{"line":162,"type":"if","locations":[{"start":{"line":162,"column":4},"end":{"line":162,"column":4}},{"start":{"line":162,"column":4},"end":{"line":162,"column":4}}]},"7":{"line":188,"type":"if","locations":[{"start":{"line":188,"column":4},"end":{"line":188,"column":4}},{"start":{"line":188,"column":4},"end":{"line":188,"column":4}}]},"8":{"line":189,"type":"if","locations":[{"start":{"line":189,"column":4},"end":{"line":189,"column":4}},{"start":{"line":189,"column":4},"end":{"line":189,"column":4}}]},"9":{"line":190,"type":"if","locations":[{"start":{"line":190,"column":4},"end":{"line":190,"column":4}},{"start":{"line":190,"column":4},"end":{"line":190,"column":4}}]},"10":{"line":247,"type":"if","locations":[{"start":{"line":247,"column":4},"end":{"line":247,"column":4}},{"start":{"line":247,"column":4},"end":{"line":247,"column":4}}]},"11":{"line":248,"type":"if","locations":[{"start":{"line":248,"column":4},"end":{"line":248,"column":4}},{"start":{"line":248,"column":4},"end":{"line":248,"column":4}}]},"12":{"line":317,"type":"if","locations":[{"start":{"line":317,"column":4},"end":{"line":317,"column":4}},{"start":{"line":317,"column":4},"end":{"line":317,"column":4}}]},"13":{"line":330,"type":"if","locations":[{"start":{"line":330,"column":4},"end":{"line":330,"column":4}},{"start":{"line":330,"column":4},"end":{"line":330,"column":4}}]},"14":{"line":355,"type":"if","locations":[{"start":{"line":355,"column":4},"end":{"line":355,"column":4}},{"start":{"line":355,"column":4},"end":{"line":355,"column":4}}]},"15":{"line":358,"type":"if","locations":[{"start":{"line":358,"column":6},"end":{"line":358,"column":6}},{"start":{"line":358,"column":6},"end":{"line":358,"column":6}}]},"16":{"line":387,"type":"if","locations":[{"start":{"line":387,"column":6},"end":{"line":387,"column":6}},{"start":{"line":387,"column":6},"end":{"line":387,"column":6}}]}}},"contracts/X11.sol":{"l":{"9":17},"path":"/Users/dimitrymd/Documents/prj/x11repo/contracts/X11.sol","s":{"1":17},"b":{},"f":{"1":17},"fnMap":{"1":{"name":"constructor","line":8,"loc":{"start":{"line":8,"column":40},"end":{"line":8,"column":10}}}},"statementMap":{"1":{"start":{"line":9,"column":4},"end":{"line":9,"column":38}}},"branchMap":{}},"contracts/X721.sol":{"l":{"36":17,"37":17,"49":66,"59":3,"69":43,"71":41,"72":41,"73":41,"76":41,"78":41,"80":41,"90":1,"110":1,"111":1,"112":1,"120":44,"128":15,"132":1,"133":1},"path":"/Users/dimitrymd/Documents/prj/x11repo/contracts/X721.sol","s":{"1":17,"2":17,"3":66,"4":3,"5":43,"6":41,"7":41,"8":41,"9":41,"10":41,"11":41,"12":1,"13":1,"14":1,"15":1,"16":44,"17":15,"18":1},"b":{"1":[41,2]},"f":{"1":17,"2":0,"3":66,"4":3,"5":43,"6":1,"7":1,"8":44,"9":15,"10":1},"fnMap":{"1":{"name":"constructor","line":35,"loc":{"start":{"line":35,"column":39},"end":{"line":35,"column":10}}},"2":{"name":"safeMint","line":41,"loc":{"start":{"line":41,"column":4},"end":{"line":41,"column":40}}},"3":{"name":"_beforeTokenTransfer","line":45,"loc":{"start":{"line":45,"column":4},"end":{"line":48,"column":5}}},"4":{"name":"supportsInterface","line":53,"loc":{"start":{"line":53,"column":3},"end":{"line":58,"column":5}}},"5":{"name":"mintNFT","line":68,"loc":{"start":{"line":68,"column":4},"end":{"line":68,"column":94}}},"6":{"name":"formatTokenURI","line":88,"loc":{"start":{"line":88,"column":4},"end":{"line":89,"column":5}}},"7":{"name":"tokenURI","line":109,"loc":{"start":{"line":109,"column":4},"end":{"line":109,"column":116}}},"8":{"name":"peggedAmount","line":119,"loc":{"start":{"line":119,"column":4},"end":{"line":119,"column":71}}},"9":{"name":"getPoolId","line":127,"loc":{"start":{"line":127,"column":4},"end":{"line":127,"column":68}}},"10":{"name":"_burn","line":131,"loc":{"start":{"line":131,"column":4},"end":{"line":131,"column":78}}}},"statementMap":{"1":{"start":{"line":36,"column":8},"end":{"line":36,"column":49}},"2":{"start":{"line":37,"column":8},"end":{"line":37,"column":42}},"3":{"start":{"line":49,"column":8},"end":{"line":49,"column":52}},"4":{"start":{"line":59,"column":8},"end":{"line":59,"column":51}},"5":{"start":{"line":69,"column":8},"end":{"line":69,"column":74}},"6":{"start":{"line":71,"column":8},"end":{"line":71,"column":34}},"7":{"start":{"line":72,"column":8},"end":{"line":72,"column":53}},"8":{"start":{"line":73,"column":8},"end":{"line":73,"column":58}},"9":{"start":{"line":76,"column":8},"end":{"line":76,"column":32}},"10":{"start":{"line":78,"column":8},"end":{"line":78,"column":57}},"11":{"start":{"line":80,"column":8},"end":{"line":80,"column":24}},"12":{"start":{"line":90,"column":8},"end":{"line":90,"column":2913}},"13":{"start":{"line":110,"column":8},"end":{"line":110,"column":52}},"14":{"start":{"line":111,"column":8},"end":{"line":111,"column":52}},"15":{"start":{"line":112,"column":8},"end":{"line":112,"column":45}},"16":{"start":{"line":120,"column":8},"end":{"line":120,"column":42}},"17":{"start":{"line":128,"column":8},"end":{"line":128,"column":42}},"18":{"start":{"line":132,"column":8},"end":{"line":132,"column":28}}},"branchMap":{"1":{"line":69,"type":"if","locations":[{"start":{"line":69,"column":8},"end":{"line":69,"column":8}},{"start":{"line":69,"column":8},"end":{"line":69,"column":8}}]}}},"contracts/X721StakingPool.sol":{"l":{"54":3,"55":3,"62":3,"63":1,"64":1,"72":14,"73":14,"82":1,"90":23,"91":21,"93":19,"102":19,"109":19,"111":19,"113":19,"115":17,"116":17,"124":8,"125":2,"133":7,"134":3,"143":9,"145":5,"147":5,"148":5,"150":5,"159":15,"160":15,"161":2,"163":1,"165":7,"167":1,"169":3,"171":1,"180":9,"181":9,"183":9,"185":9,"193":2,"202":19,"203":19,"204":15,"205":9,"206":5,"208":3,"210":3,"212":3,"213":3,"221":7},"path":"/Users/dimitrymd/Documents/prj/x11repo/contracts/X721StakingPool.sol","s":{"1":3,"2":3,"3":3,"4":1,"5":1,"6":14,"7":14,"8":1,"9":23,"10":21,"11":19,"12":19,"13":19,"14":19,"15":19,"16":17,"17":8,"18":2,"19":7,"20":3,"21":9,"22":5,"23":5,"24":15,"25":15,"26":2,"27":13,"28":1,"29":12,"30":7,"31":5,"32":1,"33":4,"34":3,"35":1,"36":1,"37":9,"38":9,"39":9,"40":9,"41":2,"42":19,"43":19,"44":15,"45":9,"46":5,"47":3,"48":3,"49":3,"50":3,"51":7},"b":{"1":[1,2],"2":[21,2],"3":[19,2],"4":[5,4],"5":[2,13],"6":[1,12],"7":[7,5],"8":[1,4],"9":[3,1],"10":[1,0],"11":[15,4],"12":[9,6],"13":[5,4],"14":[3,2]},"f":{"1":3,"2":3,"3":14,"4":1,"5":23,"6":19,"7":8,"8":7,"9":9,"10":15,"11":9,"12":2,"13":19,"14":7},"fnMap":{"1":{"name":"constructor","line":53,"loc":{"start":{"line":53,"column":4},"end":{"line":53,"column":64}}},"2":{"name":"initStaking","line":61,"loc":{"start":{"line":61,"column":42},"end":{"line":61,"column":3}}},"3":{"name":"setTokensClaimable","line":71,"loc":{"start":{"line":71,"column":66},"end":{"line":71,"column":3}}},"4":{"name":"getStakedTokenOwner","line":81,"loc":{"start":{"line":81,"column":4},"end":{"line":81,"column":84}}},"5":{"name":"stake","line":89,"loc":{"start":{"line":89,"column":4},"end":{"line":89,"column":41}}},"6":{"name":"_stake","line":101,"loc":{"start":{"line":101,"column":4},"end":{"line":101,"column":59}}},"7":{"name":"unstake","line":123,"loc":{"start":{"line":123,"column":57},"end":{"line":123,"column":3}}},"8":{"name":"emergencyUnstake","line":132,"loc":{"start":{"line":132,"column":4},"end":{"line":132,"column":52}}},"9":{"name":"_unstake","line":142,"loc":{"start":{"line":142,"column":4},"end":{"line":142,"column":61}}},"10":{"name":"getInvestmentTier","line":158,"loc":{"start":{"line":158,"column":4},"end":{"line":158,"column":76}}},"11":{"name":"updateReward","line":179,"loc":{"start":{"line":179,"column":4},"end":{"line":179,"column":48}}},"12":{"name":"getReward","line":192,"loc":{"start":{"line":192,"column":4},"end":{"line":192,"column":68}}},"13":{"name":"claimReward","line":201,"loc":{"start":{"line":201,"column":4},"end":{"line":201,"column":65}}},"14":{"name":"setRateToUSD","line":220,"loc":{"start":{"line":220,"column":56},"end":{"line":220,"column":3}}}},"statementMap":{"1":{"start":{"line":54,"column":8},"end":{"line":54,"column":39}},"2":{"start":{"line":55,"column":8},"end":{"line":55,"column":41}},"3":{"start":{"line":62,"column":8},"end":{"line":62,"column":51}},"4":{"start":{"line":63,"column":8},"end":{"line":63,"column":41}},"5":{"start":{"line":64,"column":8},"end":{"line":64,"column":25}},"6":{"start":{"line":72,"column":8},"end":{"line":72,"column":35}},"7":{"start":{"line":73,"column":8},"end":{"line":73,"column":47}},"8":{"start":{"line":82,"column":8},"end":{"line":82,"column":36}},"9":{"start":{"line":90,"column":8},"end":{"line":90,"column":59}},"10":{"start":{"line":91,"column":8},"end":{"line":91,"column":87}},"11":{"start":{"line":93,"column":8},"end":{"line":93,"column":35}},"12":{"start":{"line":102,"column":8},"end":{"line":102,"column":3198}},"13":{"start":{"line":109,"column":8},"end":{"line":109,"column":33}},"14":{"start":{"line":111,"column":8},"end":{"line":111,"column":60}},"15":{"start":{"line":113,"column":8},"end":{"line":113,"column":67}},"16":{"start":{"line":116,"column":8},"end":{"line":116,"column":39}},"17":{"start":{"line":124,"column":8},"end":{"line":124,"column":28}},"18":{"start":{"line":125,"column":8},"end":{"line":125,"column":37}},"19":{"start":{"line":133,"column":8},"end":{"line":133,"column":37}},"20":{"start":{"line":134,"column":8},"end":{"line":134,"column":51}},"21":{"start":{"line":143,"column":8},"end":{"line":143,"column":74}},"22":{"start":{"line":147,"column":8},"end":{"line":147,"column":67}},"23":{"start":{"line":150,"column":8},"end":{"line":150,"column":38}},"24":{"start":{"line":159,"column":8},"end":{"line":159,"column":65}},"25":{"start":{"line":160,"column":8},"end":{"line":160,"column":4930}},"26":{"start":{"line":161,"column":12},"end":{"line":161,"column":60}},"27":{"start":{"line":162,"column":15},"end":{"line":162,"column":5036}},"28":{"start":{"line":163,"column":12},"end":{"line":163,"column":60}},"29":{"start":{"line":164,"column":15},"end":{"line":164,"column":5165}},"30":{"start":{"line":165,"column":12},"end":{"line":165,"column":61}},"31":{"start":{"line":166,"column":15},"end":{"line":166,"column":5296}},"32":{"start":{"line":167,"column":12},"end":{"line":167,"column":61}},"33":{"start":{"line":168,"column":15},"end":{"line":168,"column":5427}},"34":{"start":{"line":169,"column":12},"end":{"line":169,"column":61}},"35":{"start":{"line":170,"column":15},"end":{"line":170,"column":5558}},"36":{"start":{"line":171,"column":12},"end":{"line":171,"column":61}},"37":{"start":{"line":180,"column":8},"end":{"line":180,"column":94}},"38":{"start":{"line":181,"column":8},"end":{"line":181,"column":50}},"39":{"start":{"line":183,"column":8},"end":{"line":183,"column":6033}},"40":{"start":{"line":185,"column":8},"end":{"line":185,"column":47}},"41":{"start":{"line":193,"column":8},"end":{"line":193,"column":39}},"42":{"start":{"line":202,"column":8},"end":{"line":202,"column":92}},"43":{"start":{"line":203,"column":8},"end":{"line":203,"column":72}},"44":{"start":{"line":204,"column":8},"end":{"line":204,"column":53}},"45":{"start":{"line":205,"column":8},"end":{"line":205,"column":108}},"46":{"start":{"line":206,"column":8},"end":{"line":206,"column":90}},"47":{"start":{"line":208,"column":8},"end":{"line":208,"column":67}},"48":{"start":{"line":210,"column":8},"end":{"line":210,"column":57}},"49":{"start":{"line":212,"column":8},"end":{"line":212,"column":63}},"50":{"start":{"line":213,"column":8},"end":{"line":213,"column":30}},"51":{"start":{"line":221,"column":8},"end":{"line":221,"column":27}}},"branchMap":{"1":{"line":62,"type":"if","locations":[{"start":{"line":62,"column":8},"end":{"line":62,"column":8}},{"start":{"line":62,"column":8},"end":{"line":62,"column":8}}]},"2":{"line":90,"type":"if","locations":[{"start":{"line":90,"column":8},"end":{"line":90,"column":8}},{"start":{"line":90,"column":8},"end":{"line":90,"column":8}}]},"3":{"line":91,"type":"if","locations":[{"start":{"line":91,"column":8},"end":{"line":91,"column":8}},{"start":{"line":91,"column":8},"end":{"line":91,"column":8}}]},"4":{"line":143,"type":"if","locations":[{"start":{"line":143,"column":8},"end":{"line":143,"column":8}},{"start":{"line":143,"column":8},"end":{"line":143,"column":8}}]},"5":{"line":160,"type":"if","locations":[{"start":{"line":160,"column":8},"end":{"line":160,"column":8}},{"start":{"line":160,"column":8},"end":{"line":160,"column":8}}]},"6":{"line":162,"type":"if","locations":[{"start":{"line":162,"column":15},"end":{"line":162,"column":15}},{"start":{"line":162,"column":15},"end":{"line":162,"column":15}}]},"7":{"line":164,"type":"if","locations":[{"start":{"line":164,"column":15},"end":{"line":164,"column":15}},{"start":{"line":164,"column":15},"end":{"line":164,"column":15}}]},"8":{"line":166,"type":"if","locations":[{"start":{"line":166,"column":15},"end":{"line":166,"column":15}},{"start":{"line":166,"column":15},"end":{"line":166,"column":15}}]},"9":{"line":168,"type":"if","locations":[{"start":{"line":168,"column":15},"end":{"line":168,"column":15}},{"start":{"line":168,"column":15},"end":{"line":168,"column":15}}]},"10":{"line":170,"type":"if","locations":[{"start":{"line":170,"column":15},"end":{"line":170,"column":15}},{"start":{"line":170,"column":15},"end":{"line":170,"column":15}}]},"11":{"line":203,"type":"if","locations":[{"start":{"line":203,"column":8},"end":{"line":203,"column":8}},{"start":{"line":203,"column":8},"end":{"line":203,"column":8}}]},"12":{"line":204,"type":"if","locations":[{"start":{"line":204,"column":8},"end":{"line":204,"column":8}},{"start":{"line":204,"column":8},"end":{"line":204,"column":8}}]},"13":{"line":205,"type":"if","locations":[{"start":{"line":205,"column":8},"end":{"line":205,"column":8}},{"start":{"line":205,"column":8},"end":{"line":205,"column":8}}]},"14":{"line":206,"type":"if","locations":[{"start":{"line":206,"column":8},"end":{"line":206,"column":8}},{"start":{"line":206,"column":8},"end":{"line":206,"column":8}}]}}}}